<?xml version="1.0" encoding="UTF-8"?>
<!-- Generated by org.testng.reporters.JUnitReportReporter -->
<testsuite skipped="0" hostname="LAPTOP-3CL1E36E" name="com.testcases.signUpTest" tests="4" failures="0" timestamp="2020-06-03T20:39:04 EDT" time="18.591" errors="0">
  <testcase name="signUpPageTest" time="4.790" classname="com.testcases.signUpTest"/>
  <system-out/>
  <testcase name="signUpPageTest" time="4.056" classname="com.testcases.signUpTest"/>
  <system-out/>
  <testcase name="signUpPageTest" time="5.762" classname="com.testcases.signUpTest"/>
  <system-out/>
  <testcase name="signUpPageTest" time="3.983" classname="com.testcases.signUpTest"/>
  <system-out/>
</testsuite> <!-- com.testcases.signUpTest -->
