<?xml version="1.0" encoding="UTF-8"?>
<!-- Generated by org.testng.reporters.JUnitReportReporter -->
<testsuite skipped="0" hostname="LAPTOP-3CL1E36E" name="com.testcases.loginTest" tests="2" failures="0" timestamp="2020-06-03T20:39:04 EDT" time="9.846" errors="0">
  <testcase name="loginToFacebook" time="3.076" classname="com.testcases.loginTest"/>
  <system-out/>
  <testcase name="personalProfile" time="6.770" classname="com.testcases.loginTest"/>
  <system-out/>
</testsuite> <!-- com.testcases.loginTest -->
